<?xml version="1.0" encoding="utf-8" standalone="no"?>
<!--This file represents the results of running a test suite-->
<test-results name="D:\SampleProgram\ExConsole\ExConsole\bin\Debug\ExConsole.exe" total="1" errors="0" failures="0" not-run="0" inconclusive="0" ignored="0" skipped="0" invalid="0" date="2015-02-06" time="11:37:42">
  <environment nunit-version="2.6.4.14350" clr-version="2.0.50727.5485" os-version="Microsoft Windows NT 6.1.7601 Service Pack 1" platform="Win32NT" cwd="D:\SampleProgram\ExConsole\packages\NUnit.Runners.2.6.4\tools" machine-name="JPJUNG-PC" user="tony.jung" user-domain="HQ" />
  <culture-info current-culture="ko-KR" current-uiculture="ko-KR" />
  <test-suite type="Assembly" name="D:\SampleProgram\ExConsole\ExConsole\bin\Debug\ExConsole.exe" executed="True" result="Success" success="True" time="0.042" asserts="0">
    <results>
      <test-suite type="Namespace" name="ExConsole" executed="True" result="Success" success="True" time="0.029" asserts="0">
        <results>
          <test-suite type="TestFixture" name="PublisherSubscirber+NestedPublisher" executed="True" result="Success" success="True" time="0.028" asserts="0">
            <results>
              <test-suite type="ParameterizedTest" name="CreateSubscriber" executed="True" result="Success" success="True" time="0.022" asserts="0">
                <results>
                  <test-case name="ExConsole.PublisherSubscirber+NestedPublisher.CreateSubscriber()" executed="True" result="Success" success="True" time="0.015" asserts="0" />
                </results>
              </test-suite>
            </results>
          </test-suite>
        </results>
      </test-suite>
    </results>
  </test-suite>
</test-results>